android/app/build/intermediates/manifest_merge_blame_file/debug/manifest-merger-blame-debug-report.txt
1<?xml version="1.0" encoding="utf-8"?>
2<manifest xmlns:android="http://schemas.android.com/apk/res/android"
3    package="com.example.piggybet"
4    android:versionCode="1"
5    android:versionName="1.0" >
6
7    <uses-sdk
8        android:minSdkVersion="23"
9        android:targetSdkVersion="35" />
10    <!--
11         The INTERNET permission is required for development. Specifically,
12         the Flutter tool needs it to communicate with the running application
13         to allow setting breakpoints, to provide hot reload, etc.
14    -->
15    <uses-permission android:name="android.permission.INTERNET" />
15-->src\debug\AndroidManifest.xml:6:5-66
15-->src\debug\AndroidManifest.xml:6:22-64
16
17    <queries>
17-->src\main\AndroidManifest.xml:68:5-73:15
18        <intent>
18-->src\main\AndroidManifest.xml:69:9-72:18
19            <action android:name="android.intent.action.PROCESS_TEXT" />
19-->src\main\AndroidManifest.xml:70:13-72
19-->src\main\AndroidManifest.xml:70:21-70
20
21            <data android:mimeType="text/plain" />
21-->src\main\AndroidManifest.xml:28:17-80
22        </intent>
23    </queries>
24
25    <uses-permission android:name="android.permission.ACCESS_NETWORK_STATE" />
25-->[com.google.firebase:firebase-auth:22.3.1] AndroidManifest.xml:26:5-79
25-->[com.google.firebase:firebase-auth:22.3.1] AndroidManifest.xml:26:22-76
26    <uses-permission android:name="android.permission.WAKE_LOCK" />
26-->[com.google.android.gms:play-services-measurement-api:21.6.1] AndroidManifest.xml:24:5-68
26-->[com.google.android.gms:play-services-measurement-api:21.6.1] AndroidManifest.xml:24:22-65
27    <uses-permission android:name="com.google.android.gms.permission.AD_ID" />
27-->[com.google.android.gms:play-services-measurement-api:21.6.1] AndroidManifest.xml:25:5-79
27-->[com.google.android.gms:play-services-measurement-api:21.6.1] AndroidManifest.xml:25:22-76
28    <uses-permission android:name="android.permission.ACCESS_ADSERVICES_ATTRIBUTION" />
28-->[com.google.android.gms:play-services-measurement-api:21.6.1] AndroidManifest.xml:26:5-88
28-->[com.google.android.gms:play-services-measurement-api:21.6.1] AndroidManifest.xml:26:22-85
29    <uses-permission android:name="android.permission.ACCESS_ADSERVICES_AD_ID" />
29-->[com.google.android.gms:play-services-measurement-api:21.6.1] AndroidManifest.xml:27:5-82
29-->[com.google.android.gms:play-services-measurement-api:21.6.1] AndroidManifest.xml:27:22-79
30    <uses-permission android:name="com.google.android.providers.gsf.permission.READ_GSERVICES" />
30-->[com.google.android.recaptcha:recaptcha:18.4.0] AndroidManifest.xml:9:5-98
30-->[com.google.android.recaptcha:recaptcha:18.4.0] AndroidManifest.xml:9:22-95
31    <uses-permission android:name="com.google.android.finsky.permission.BIND_GET_INSTALL_REFERRER_SERVICE" />
31-->[com.google.android.gms:play-services-measurement:21.6.1] AndroidManifest.xml:26:5-110
31-->[com.google.android.gms:play-services-measurement:21.6.1] AndroidManifest.xml:26:22-107
32
33    <permission
33-->[androidx.core:core:1.13.1] AndroidManifest.xml:22:5-24:47
34        android:name="com.example.piggybet.DYNAMIC_RECEIVER_NOT_EXPORTED_PERMISSION"
34-->[androidx.core:core:1.13.1] AndroidManifest.xml:23:9-81
35        android:protectionLevel="signature" />
35-->[androidx.core:core:1.13.1] AndroidManifest.xml:24:9-44
36
37    <uses-permission android:name="com.example.piggybet.DYNAMIC_RECEIVER_NOT_EXPORTED_PERMISSION" />
37-->[androidx.core:core:1.13.1] AndroidManifest.xml:26:5-97
37-->[androidx.core:core:1.13.1] AndroidManifest.xml:26:22-94
38
39    <application
39-->src\main\AndroidManifest.xml:4:5-66:19
40        android:appComponentFactory="androidx.core.app.CoreComponentFactory"
40-->[androidx.core:core:1.13.1] AndroidManifest.xml:28:18-86
41        android:debuggable="true"
42        android:extractNativeLibs="false"
43        android:icon="@mipmap/ic_launcher"
43-->src\main\AndroidManifest.xml:6:9-43
44        android:label="PiggyBet" >
44-->src\main\AndroidManifest.xml:5:9-33
45        <activity
45-->src\main\AndroidManifest.xml:7:9-57:20
46            android:name="com.example.piggybet.MainActivity"
46-->src\main\AndroidManifest.xml:8:13-41
47            android:configChanges="orientation|keyboardHidden|keyboard|screenSize|smallestScreenSize|locale|layoutDirection|fontScale|screenLayout|density|uiMode"
47-->src\main\AndroidManifest.xml:12:13-163
48            android:exported="true"
48-->src\main\AndroidManifest.xml:9:13-36
49            android:hardwareAccelerated="true"
49-->src\main\AndroidManifest.xml:13:13-47
50            android:launchMode="singleTask"
50-->src\main\AndroidManifest.xml:10:13-44
51            android:theme="@style/LaunchTheme"
51-->src\main\AndroidManifest.xml:11:13-47
52            android:windowSoftInputMode="adjustResize" >
52-->src\main\AndroidManifest.xml:14:13-55
53            <meta-data
53-->src\main\AndroidManifest.xml:15:13-18:15
54                android:name="io.flutter.embedding.android.NormalTheme"
54-->src\main\AndroidManifest.xml:16:15-70
55                android:resource="@style/NormalTheme" />
55-->src\main\AndroidManifest.xml:17:15-52
56
57            <intent-filter>
57-->src\main\AndroidManifest.xml:19:13-22:29
58                <action android:name="android.intent.action.MAIN" />
58-->src\main\AndroidManifest.xml:20:17-68
58-->src\main\AndroidManifest.xml:20:25-66
59
60                <category android:name="android.intent.category.LAUNCHER" />
60-->src\main\AndroidManifest.xml:21:17-76
60-->src\main\AndroidManifest.xml:21:27-74
61            </intent-filter>
62            <!-- Deep linking -->
63            <intent-filter android:autoVerify="true" >
63-->src\main\AndroidManifest.xml:24:13-29:29
63-->src\main\AndroidManifest.xml:24:28-53
64                <action android:name="android.intent.action.VIEW" />
64-->src\main\AndroidManifest.xml:25:17-69
64-->src\main\AndroidManifest.xml:25:25-66
65
66                <category android:name="android.intent.category.DEFAULT" />
66-->src\main\AndroidManifest.xml:26:17-76
66-->src\main\AndroidManifest.xml:26:27-73
67                <category android:name="android.intent.category.BROWSABLE" />
67-->src\main\AndroidManifest.xml:27:17-78
67-->src\main\AndroidManifest.xml:27:27-75
68
69                <data
69-->src\main\AndroidManifest.xml:28:17-80
70                    android:host="app.piggybet.com"
70-->src\main\AndroidManifest.xml:28:46-77
71                    android:scheme="https" />
71-->src\main\AndroidManifest.xml:28:23-45
72            </intent-filter>
73            <intent-filter android:autoVerify="true" >
73-->src\main\AndroidManifest.xml:30:13-35:29
73-->src\main\AndroidManifest.xml:30:28-53
74                <action android:name="android.intent.action.VIEW" />
74-->src\main\AndroidManifest.xml:25:17-69
74-->src\main\AndroidManifest.xml:25:25-66
75
76                <category android:name="android.intent.category.DEFAULT" />
76-->src\main\AndroidManifest.xml:26:17-76
76-->src\main\AndroidManifest.xml:26:27-73
77                <category android:name="android.intent.category.BROWSABLE" />
77-->src\main\AndroidManifest.xml:27:17-78
77-->src\main\AndroidManifest.xml:27:27-75
78
79                <data
79-->src\main\AndroidManifest.xml:28:17-80
80                    android:host="app.piggybet.com"
80-->src\main\AndroidManifest.xml:28:46-77
81                    android:scheme="piggybet" />
81-->src\main\AndroidManifest.xml:28:23-45
82            </intent-filter>
83            <intent-filter android:autoVerify="true" >
83-->src\main\AndroidManifest.xml:36:13-44:29
83-->src\main\AndroidManifest.xml:36:28-53
84                <action android:name="android.intent.action.VIEW" />
84-->src\main\AndroidManifest.xml:25:17-69
84-->src\main\AndroidManifest.xml:25:25-66
85
86                <category android:name="android.intent.category.DEFAULT" />
86-->src\main\AndroidManifest.xml:26:17-76
86-->src\main\AndroidManifest.xml:26:27-73
87                <category android:name="android.intent.category.BROWSABLE" />
87-->src\main\AndroidManifest.xml:27:17-78
87-->src\main\AndroidManifest.xml:27:27-75
88
89                <data
89-->src\main\AndroidManifest.xml:28:17-80
90                    android:host="profiler666.github.io"
90-->src\main\AndroidManifest.xml:28:46-77
91                    android:pathPrefix="/piggybet"
92                    android:scheme="https" />
92-->src\main\AndroidManifest.xml:28:23-45
93            </intent-filter>
94            <intent-filter android:autoVerify="true" >
94-->src\main\AndroidManifest.xml:24:13-29:29
94-->src\main\AndroidManifest.xml:24:28-53
95                <action android:name="android.intent.action.VIEW" />
95-->src\main\AndroidManifest.xml:25:17-69
95-->src\main\AndroidManifest.xml:25:25-66
96
97                <category android:name="android.intent.category.DEFAULT" />
97-->src\main\AndroidManifest.xml:26:17-76
97-->src\main\AndroidManifest.xml:26:27-73
98                <category android:name="android.intent.category.BROWSABLE" />
98-->src\main\AndroidManifest.xml:27:17-78
98-->src\main\AndroidManifest.xml:27:27-75
99
100                <data
100-->src\main\AndroidManifest.xml:28:17-80
101                    android:host="app.piggybet.com"
101-->src\main\AndroidManifest.xml:28:46-77
102                    android:scheme="https" />
102-->src\main\AndroidManifest.xml:28:23-45
103            </intent-filter>
104            <intent-filter android:autoVerify="true" >
104-->src\main\AndroidManifest.xml:30:13-35:29
104-->src\main\AndroidManifest.xml:30:28-53
105                <action android:name="android.intent.action.VIEW" />
105-->src\main\AndroidManifest.xml:25:17-69
105-->src\main\AndroidManifest.xml:25:25-66
106
107                <category android:name="android.intent.category.DEFAULT" />
107-->src\main\AndroidManifest.xml:26:17-76
107-->src\main\AndroidManifest.xml:26:27-73
108                <category android:name="android.intent.category.BROWSABLE" />
108-->src\main\AndroidManifest.xml:27:17-78
108-->src\main\AndroidManifest.xml:27:27-75
109
110                <data
110-->src\main\AndroidManifest.xml:28:17-80
111                    android:host="app.piggybet.com"
111-->src\main\AndroidManifest.xml:28:46-77
112                    android:scheme="piggybet" />
112-->src\main\AndroidManifest.xml:28:23-45
113            </intent-filter>
114        </activity>
115        <!-- Flutter plugin registration -->
116        <meta-data
116-->src\main\AndroidManifest.xml:59:9-61:33
117            android:name="flutterEmbedding"
117-->src\main\AndroidManifest.xml:60:13-44
118            android:value="2" />
118-->src\main\AndroidManifest.xml:61:13-30
119        <!-- Digital Asset Links -->
120        <meta-data
120-->src\main\AndroidManifest.xml:63:9-65:56
121            android:name="asset_statements"
121-->src\main\AndroidManifest.xml:64:13-44
122            android:resource="@raw/asset_statements" />
122-->src\main\AndroidManifest.xml:65:13-53
123
124        <service
124-->[:cloud_firestore] AndroidManifest.xml:8:9-12:19
125            android:name="com.google.firebase.components.ComponentDiscoveryService"
125-->[:cloud_firestore] AndroidManifest.xml:8:18-89
126            android:directBootAware="true"
126-->[com.google.firebase:firebase-common:20.4.3] AndroidManifest.xml:32:13-43
127            android:exported="false" >
127-->[com.google.firebase:firebase-auth:22.3.1] AndroidManifest.xml:68:13-37
128            <meta-data
128-->[:cloud_firestore] AndroidManifest.xml:9:13-11:85
129                android:name="com.google.firebase.components:io.flutter.plugins.firebase.firestore.FlutterFirebaseFirestoreRegistrar"
129-->[:cloud_firestore] AndroidManifest.xml:10:17-134
130                android:value="com.google.firebase.components.ComponentRegistrar" />
130-->[:cloud_firestore] AndroidManifest.xml:11:17-82
131            <meta-data
131-->[:firebase_auth] AndroidManifest.xml:9:13-11:85
132                android:name="com.google.firebase.components:io.flutter.plugins.firebase.auth.FlutterFirebaseAuthRegistrar"
132-->[:firebase_auth] AndroidManifest.xml:10:17-124
133                android:value="com.google.firebase.components.ComponentRegistrar" />
133-->[:firebase_auth] AndroidManifest.xml:11:17-82
134            <meta-data
134-->[:firebase_core] AndroidManifest.xml:9:13-11:85
135                android:name="com.google.firebase.components:io.flutter.plugins.firebase.core.FlutterFirebaseCoreRegistrar"
135-->[:firebase_core] AndroidManifest.xml:10:17-124
136                android:value="com.google.firebase.components.ComponentRegistrar" />
136-->[:firebase_core] AndroidManifest.xml:11:17-82
137            <meta-data
137-->[com.google.firebase:firebase-auth:22.3.1] AndroidManifest.xml:69:13-71:85
138                android:name="com.google.firebase.components:com.google.firebase.auth.FirebaseAuthRegistrar"
138-->[com.google.firebase:firebase-auth:22.3.1] AndroidManifest.xml:70:17-109
139                android:value="com.google.firebase.components.ComponentRegistrar" />
139-->[com.google.firebase:firebase-auth:22.3.1] AndroidManifest.xml:71:17-82
140            <meta-data
140-->[com.google.firebase:firebase-firestore-ktx:24.11.0] AndroidManifest.xml:12:13-14:85
141                android:name="com.google.firebase.components:com.google.firebase.firestore.ktx.FirebaseFirestoreLegacyRegistrar"
141-->[com.google.firebase:firebase-firestore-ktx:24.11.0] AndroidManifest.xml:13:17-129
142                android:value="com.google.firebase.components.ComponentRegistrar" />
142-->[com.google.firebase:firebase-firestore-ktx:24.11.0] AndroidManifest.xml:14:17-82
143            <meta-data
143-->[com.google.firebase:firebase-firestore:24.11.0] AndroidManifest.xml:17:13-19:85
144                android:name="com.google.firebase.components:com.google.firebase.firestore.FirebaseFirestoreKtxRegistrar"
144-->[com.google.firebase:firebase-firestore:24.11.0] AndroidManifest.xml:18:17-122
145                android:value="com.google.firebase.components.ComponentRegistrar" />
145-->[com.google.firebase:firebase-firestore:24.11.0] AndroidManifest.xml:19:17-82
146            <meta-data
146-->[com.google.firebase:firebase-firestore:24.11.0] AndroidManifest.xml:20:13-22:85
147                android:name="com.google.firebase.components:com.google.firebase.firestore.FirestoreRegistrar"
147-->[com.google.firebase:firebase-firestore:24.11.0] AndroidManifest.xml:21:17-111
148                android:value="com.google.firebase.components.ComponentRegistrar" />
148-->[com.google.firebase:firebase-firestore:24.11.0] AndroidManifest.xml:22:17-82
149            <meta-data
149-->[com.google.android.gms:play-services-measurement-api:21.6.1] AndroidManifest.xml:37:13-39:85
150                android:name="com.google.firebase.components:com.google.firebase.analytics.connector.internal.AnalyticsConnectorRegistrar"
150-->[com.google.android.gms:play-services-measurement-api:21.6.1] AndroidManifest.xml:38:17-139
151                android:value="com.google.firebase.components.ComponentRegistrar" />
151-->[com.google.android.gms:play-services-measurement-api:21.6.1] AndroidManifest.xml:39:17-82
152            <meta-data
152-->[com.google.firebase:firebase-installations:17.2.0] AndroidManifest.xml:15:13-17:85
153                android:name="com.google.firebase.components:com.google.firebase.installations.FirebaseInstallationsKtxRegistrar"
153-->[com.google.firebase:firebase-installations:17.2.0] AndroidManifest.xml:16:17-130
154                android:value="com.google.firebase.components.ComponentRegistrar" />
154-->[com.google.firebase:firebase-installations:17.2.0] AndroidManifest.xml:17:17-82
155            <meta-data
155-->[com.google.firebase:firebase-installations:17.2.0] AndroidManifest.xml:18:13-20:85
156                android:name="com.google.firebase.components:com.google.firebase.installations.FirebaseInstallationsRegistrar"
156-->[com.google.firebase:firebase-installations:17.2.0] AndroidManifest.xml:19:17-127
157                android:value="com.google.firebase.components.ComponentRegistrar" />
157-->[com.google.firebase:firebase-installations:17.2.0] AndroidManifest.xml:20:17-82
158            <meta-data
158-->[com.google.firebase:firebase-common-ktx:20.4.3] AndroidManifest.xml:12:13-14:85
159                android:name="com.google.firebase.components:com.google.firebase.ktx.FirebaseCommonLegacyRegistrar"
159-->[com.google.firebase:firebase-common-ktx:20.4.3] AndroidManifest.xml:13:17-116
160                android:value="com.google.firebase.components.ComponentRegistrar" />
160-->[com.google.firebase:firebase-common-ktx:20.4.3] AndroidManifest.xml:14:17-82
161            <meta-data
161-->[com.google.firebase:firebase-common:20.4.3] AndroidManifest.xml:35:13-37:85
162                android:name="com.google.firebase.components:com.google.firebase.FirebaseCommonKtxRegistrar"
162-->[com.google.firebase:firebase-common:20.4.3] AndroidManifest.xml:36:17-109
163                android:value="com.google.firebase.components.ComponentRegistrar" />
163-->[com.google.firebase:firebase-common:20.4.3] AndroidManifest.xml:37:17-82
164        </service>
165
166        <activity
166-->[com.google.firebase:firebase-auth:22.3.1] AndroidManifest.xml:29:9-46:20
167            android:name="com.google.firebase.auth.internal.GenericIdpActivity"
167-->[com.google.firebase:firebase-auth:22.3.1] AndroidManifest.xml:30:13-80
168            android:excludeFromRecents="true"
168-->[com.google.firebase:firebase-auth:22.3.1] AndroidManifest.xml:31:13-46
169            android:exported="true"
169-->[com.google.firebase:firebase-auth:22.3.1] AndroidManifest.xml:32:13-36
170            android:launchMode="singleTask"
170-->[com.google.firebase:firebase-auth:22.3.1] AndroidManifest.xml:33:13-44
171            android:theme="@android:style/Theme.Translucent.NoTitleBar" >
171-->[com.google.firebase:firebase-auth:22.3.1] AndroidManifest.xml:34:13-72
172            <intent-filter>
172-->[com.google.firebase:firebase-auth:22.3.1] AndroidManifest.xml:35:13-45:29
173                <action android:name="android.intent.action.VIEW" />
173-->src\main\AndroidManifest.xml:25:17-69
173-->src\main\AndroidManifest.xml:25:25-66
174
175                <category android:name="android.intent.category.DEFAULT" />
175-->src\main\AndroidManifest.xml:26:17-76
175-->src\main\AndroidManifest.xml:26:27-73
176                <category android:name="android.intent.category.BROWSABLE" />
176-->src\main\AndroidManifest.xml:27:17-78
176-->src\main\AndroidManifest.xml:27:27-75
177
178                <data
178-->src\main\AndroidManifest.xml:28:17-80
179                    android:host="firebase.auth"
179-->src\main\AndroidManifest.xml:28:46-77
180                    android:path="/"
181                    android:scheme="genericidp" />
181-->src\main\AndroidManifest.xml:28:23-45
182            </intent-filter>
183        </activity>
184        <activity
184-->[com.google.firebase:firebase-auth:22.3.1] AndroidManifest.xml:47:9-64:20
185            android:name="com.google.firebase.auth.internal.RecaptchaActivity"
185-->[com.google.firebase:firebase-auth:22.3.1] AndroidManifest.xml:48:13-79
186            android:excludeFromRecents="true"
186-->[com.google.firebase:firebase-auth:22.3.1] AndroidManifest.xml:49:13-46
187            android:exported="true"
187-->[com.google.firebase:firebase-auth:22.3.1] AndroidManifest.xml:50:13-36
188            android:launchMode="singleTask"
188-->[com.google.firebase:firebase-auth:22.3.1] AndroidManifest.xml:51:13-44
189            android:theme="@android:style/Theme.Translucent.NoTitleBar" >
189-->[com.google.firebase:firebase-auth:22.3.1] AndroidManifest.xml:52:13-72
190            <intent-filter>
190-->[com.google.firebase:firebase-auth:22.3.1] AndroidManifest.xml:53:13-63:29
191                <action android:name="android.intent.action.VIEW" />
191-->src\main\AndroidManifest.xml:25:17-69
191-->src\main\AndroidManifest.xml:25:25-66
192
193                <category android:name="android.intent.category.DEFAULT" />
193-->src\main\AndroidManifest.xml:26:17-76
193-->src\main\AndroidManifest.xml:26:27-73
194                <category android:name="android.intent.category.BROWSABLE" />
194-->src\main\AndroidManifest.xml:27:17-78
194-->src\main\AndroidManifest.xml:27:27-75
195
196                <data
196-->src\main\AndroidManifest.xml:28:17-80
197                    android:host="firebase.auth"
197-->src\main\AndroidManifest.xml:28:46-77
198                    android:path="/"
199                    android:scheme="recaptcha" />
199-->src\main\AndroidManifest.xml:28:23-45
200            </intent-filter>
201        </activity>
202
203        <property
203-->[com.google.android.gms:play-services-measurement-api:21.6.1] AndroidManifest.xml:30:9-32:61
204            android:name="android.adservices.AD_SERVICES_CONFIG"
204-->[com.google.android.gms:play-services-measurement-api:21.6.1] AndroidManifest.xml:31:13-65
205            android:resource="@xml/ga_ad_services_config" />
205-->[com.google.android.gms:play-services-measurement-api:21.6.1] AndroidManifest.xml:32:13-58
206
207        <activity
207-->[com.google.android.gms:play-services-auth:21.0.0] AndroidManifest.xml:23:9-27:75
208            android:name="com.google.android.gms.auth.api.signin.internal.SignInHubActivity"
208-->[com.google.android.gms:play-services-auth:21.0.0] AndroidManifest.xml:24:13-93
209            android:excludeFromRecents="true"
209-->[com.google.android.gms:play-services-auth:21.0.0] AndroidManifest.xml:25:13-46
210            android:exported="false"
210-->[com.google.android.gms:play-services-auth:21.0.0] AndroidManifest.xml:26:13-37
211            android:theme="@android:style/Theme.Translucent.NoTitleBar" />
211-->[com.google.android.gms:play-services-auth:21.0.0] AndroidManifest.xml:27:13-72
212        <!--
213            Service handling Google Sign-In user revocation. For apps that do not integrate with
214            Google Sign-In, this service will never be started.
215        -->
216        <service
216-->[com.google.android.gms:play-services-auth:21.0.0] AndroidManifest.xml:33:9-37:51
217            android:name="com.google.android.gms.auth.api.signin.RevocationBoundService"
217-->[com.google.android.gms:play-services-auth:21.0.0] AndroidManifest.xml:34:13-89
218            android:exported="true"
218-->[com.google.android.gms:play-services-auth:21.0.0] AndroidManifest.xml:35:13-36
219            android:permission="com.google.android.gms.auth.api.signin.permission.REVOCATION_NOTIFICATION"
219-->[com.google.android.gms:play-services-auth:21.0.0] AndroidManifest.xml:36:13-107
220            android:visibleToInstantApps="true" />
220-->[com.google.android.gms:play-services-auth:21.0.0] AndroidManifest.xml:37:13-48
221
222        <activity
222-->[com.google.android.gms:play-services-base:18.0.1] AndroidManifest.xml:20:9-22:45
223            android:name="com.google.android.gms.common.api.GoogleApiActivity"
223-->[com.google.android.gms:play-services-base:18.0.1] AndroidManifest.xml:20:19-85
224            android:exported="false"
224-->[com.google.android.gms:play-services-base:18.0.1] AndroidManifest.xml:22:19-43
225            android:theme="@android:style/Theme.Translucent.NoTitleBar" />
225-->[com.google.android.gms:play-services-base:18.0.1] AndroidManifest.xml:21:19-78
226
227        <receiver
227-->[com.google.android.gms:play-services-measurement:21.6.1] AndroidManifest.xml:29:9-33:20
228            android:name="com.google.android.gms.measurement.AppMeasurementReceiver"
228-->[com.google.android.gms:play-services-measurement:21.6.1] AndroidManifest.xml:30:13-85
229            android:enabled="true"
229-->[com.google.android.gms:play-services-measurement:21.6.1] AndroidManifest.xml:31:13-35
230            android:exported="false" >
230-->[com.google.android.gms:play-services-measurement:21.6.1] AndroidManifest.xml:32:13-37
231        </receiver>
232
233        <service
233-->[com.google.android.gms:play-services-measurement:21.6.1] AndroidManifest.xml:35:9-38:40
234            android:name="com.google.android.gms.measurement.AppMeasurementService"
234-->[com.google.android.gms:play-services-measurement:21.6.1] AndroidManifest.xml:36:13-84
235            android:enabled="true"
235-->[com.google.android.gms:play-services-measurement:21.6.1] AndroidManifest.xml:37:13-35
236            android:exported="false" />
236-->[com.google.android.gms:play-services-measurement:21.6.1] AndroidManifest.xml:38:13-37
237        <service
237-->[com.google.android.gms:play-services-measurement:21.6.1] AndroidManifest.xml:39:9-43:72
238            android:name="com.google.android.gms.measurement.AppMeasurementJobService"
238-->[com.google.android.gms:play-services-measurement:21.6.1] AndroidManifest.xml:40:13-87
239            android:enabled="true"
239-->[com.google.android.gms:play-services-measurement:21.6.1] AndroidManifest.xml:41:13-35
240            android:exported="false"
240-->[com.google.android.gms:play-services-measurement:21.6.1] AndroidManifest.xml:42:13-37
241            android:permission="android.permission.BIND_JOB_SERVICE" />
241-->[com.google.android.gms:play-services-measurement:21.6.1] AndroidManifest.xml:43:13-69
242
243        <provider
243-->[com.google.firebase:firebase-common:20.4.3] AndroidManifest.xml:23:9-28:39
244            android:name="com.google.firebase.provider.FirebaseInitProvider"
244-->[com.google.firebase:firebase-common:20.4.3] AndroidManifest.xml:24:13-77
245            android:authorities="com.example.piggybet.firebaseinitprovider"
245-->[com.google.firebase:firebase-common:20.4.3] AndroidManifest.xml:25:13-72
246            android:directBootAware="true"
246-->[com.google.firebase:firebase-common:20.4.3] AndroidManifest.xml:26:13-43
247            android:exported="false"
247-->[com.google.firebase:firebase-common:20.4.3] AndroidManifest.xml:27:13-37
248            android:initOrder="100" />
248-->[com.google.firebase:firebase-common:20.4.3] AndroidManifest.xml:28:13-36
249
250        <uses-library
250-->[androidx.window:window:1.2.0] AndroidManifest.xml:23:9-25:40
251            android:name="androidx.window.extensions"
251-->[androidx.window:window:1.2.0] AndroidManifest.xml:24:13-54
252            android:required="false" />
252-->[androidx.window:window:1.2.0] AndroidManifest.xml:25:13-37
253        <uses-library
253-->[androidx.window:window:1.2.0] AndroidManifest.xml:26:9-28:40
254            android:name="androidx.window.sidecar"
254-->[androidx.window:window:1.2.0] AndroidManifest.xml:27:13-51
255            android:required="false" />
255-->[androidx.window:window:1.2.0] AndroidManifest.xml:28:13-37
256        <uses-library
256-->[androidx.privacysandbox.ads:ads-adservices:1.0.0-beta05] AndroidManifest.xml:23:9-25:40
257            android:name="android.ext.adservices"
257-->[androidx.privacysandbox.ads:ads-adservices:1.0.0-beta05] AndroidManifest.xml:24:13-50
258            android:required="false" />
258-->[androidx.privacysandbox.ads:ads-adservices:1.0.0-beta05] AndroidManifest.xml:25:13-37
259
260        <provider
260-->[androidx.lifecycle:lifecycle-process:2.7.0] AndroidManifest.xml:24:9-32:20
261            android:name="androidx.startup.InitializationProvider"
261-->[androidx.lifecycle:lifecycle-process:2.7.0] AndroidManifest.xml:25:13-67
262            android:authorities="com.example.piggybet.androidx-startup"
262-->[androidx.lifecycle:lifecycle-process:2.7.0] AndroidManifest.xml:26:13-68
263            android:exported="false" >
263-->[androidx.lifecycle:lifecycle-process:2.7.0] AndroidManifest.xml:27:13-37
264            <meta-data
264-->[androidx.lifecycle:lifecycle-process:2.7.0] AndroidManifest.xml:29:13-31:52
265                android:name="androidx.lifecycle.ProcessLifecycleInitializer"
265-->[androidx.lifecycle:lifecycle-process:2.7.0] AndroidManifest.xml:30:17-78
266                android:value="androidx.startup" />
266-->[androidx.lifecycle:lifecycle-process:2.7.0] AndroidManifest.xml:31:17-49
267            <meta-data
267-->[androidx.profileinstaller:profileinstaller:1.3.1] AndroidManifest.xml:29:13-31:52
268                android:name="androidx.profileinstaller.ProfileInstallerInitializer"
268-->[androidx.profileinstaller:profileinstaller:1.3.1] AndroidManifest.xml:30:17-85
269                android:value="androidx.startup" />
269-->[androidx.profileinstaller:profileinstaller:1.3.1] AndroidManifest.xml:31:17-49
270        </provider>
271
272        <meta-data
272-->[com.google.android.gms:play-services-basement:18.3.0] AndroidManifest.xml:21:9-23:69
273            android:name="com.google.android.gms.version"
273-->[com.google.android.gms:play-services-basement:18.3.0] AndroidManifest.xml:22:13-58
274            android:value="@integer/google_play_services_version" />
274-->[com.google.android.gms:play-services-basement:18.3.0] AndroidManifest.xml:23:13-66
275
276        <receiver
276-->[androidx.profileinstaller:profileinstaller:1.3.1] AndroidManifest.xml:34:9-52:20
277            android:name="androidx.profileinstaller.ProfileInstallReceiver"
277-->[androidx.profileinstaller:profileinstaller:1.3.1] AndroidManifest.xml:35:13-76
278            android:directBootAware="false"
278-->[androidx.profileinstaller:profileinstaller:1.3.1] AndroidManifest.xml:36:13-44
279            android:enabled="true"
279-->[androidx.profileinstaller:profileinstaller:1.3.1] AndroidManifest.xml:37:13-35
280            android:exported="true"
280-->[androidx.profileinstaller:profileinstaller:1.3.1] AndroidManifest.xml:38:13-36
281            android:permission="android.permission.DUMP" >
281-->[androidx.profileinstaller:profileinstaller:1.3.1] AndroidManifest.xml:39:13-57
282            <intent-filter>
282-->[androidx.profileinstaller:profileinstaller:1.3.1] AndroidManifest.xml:40:13-42:29
283                <action android:name="androidx.profileinstaller.action.INSTALL_PROFILE" />